
ROM used:   25 (0%)
            25 (0%) including unused fragments

            0 Average locations per line
            8 Average locations per statement

RAM used:   5 (1%) at main() level
            5 (1%) worst case

Stack used: 1/8 worst case (1 in main + 0 for interrupts)

Lines Stmts  %   Files
----- ----- ---  -----
   16     2  67  main_file.c
  302     0   0  ..\..\..\..\Program Files (x86)\PICC\devices\16f877.h
   42     1  33  CCSPIC_AD9850.h
----- -----
  360     3 Total

Page ROM  %  RAM   Vol Diff  Functions:
---- --- --- ---   --- ----  ----------
0      7  28   0    47  1.5  AD9850_Init
0     14  56   0    54  1.5  MAIN
 Inline        0             @cinit1

Program metrics:
    Functions               2
    Statements              3
    Comments                90
    Volume (V)              130
    Difficulty (D)          2.8
    Effort to implement (E) 367
    Time to implement (T)   0 minutes
    Est Delivered Bugs (B)  0
    Cyclomatic Complexity   1
    Maintainability (MI)    101

 Segment     Used  Free
-----------  ----  ----
00000-00003     4  0  
00004-007FF    21  2023  
00800-00FFF     0  2048  
01000-017FF     0  2048  
01800-01FFF     0  2048  



